0 verbose cli C:\Program Files\nodejs\node.exe C:\Users\Mohamed Rilwan\AppData\Roaming\npm\node_modules\npm\bin\npm-cli.js
1 info using npm@10.4.0
2 info using node@v20.11.1
3 timing npm:load:whichnode Completed in 3ms
4 timing config:load:defaults Completed in 3ms
5 timing config:load:file:C:\Users\Mohamed Rilwan\AppData\Roaming\npm\node_modules\npm\npmrc Completed in 5ms
6 timing config:load:builtin Completed in 5ms
7 timing config:load:cli Completed in 1ms
8 timing config:load:env Completed in 1ms
9 timing config:load:file:C:\Users\Mohamed Rilwan\Desktop\React\01-starting-project\.npmrc Completed in 1ms
10 timing config:load:project Completed in 1ms
11 timing config:load:file:C:\Users\Mohamed Rilwan\.npmrc Completed in 0ms
12 timing config:load:user Completed in 0ms
13 timing config:load:file:C:\Users\Mohamed Rilwan\AppData\Roaming\npm\etc\npmrc Completed in 1ms
14 timing config:load:global Completed in 1ms
15 timing config:load:setEnvs Completed in 0ms
16 timing config:load Completed in 12ms
17 timing npm:load:configload Completed in 12ms
18 timing config:load:flatten Completed in 3ms
19 timing npm:load:mkdirpcache Completed in 0ms
20 timing npm:load:mkdirplogs Completed in 0ms
21 verbose title npm install
22 verbose argv "install"
23 timing npm:load:setTitle Completed in 1ms
24 timing npm:load:display Completed in 0ms
25 verbose logfile logs-max:10 dir:C:\Users\Mohamed Rilwan\Desktop\React\01-starting-project\_logs\2024-02-22T04_29_20_008Z-
26 verbose logfile C:\Users\Mohamed Rilwan\Desktop\React\01-starting-project\_logs\2024-02-22T04_29_20_008Z-debug-0.log
27 timing npm:load:logFile Completed in 10ms
28 timing npm:load:timers Completed in 0ms
29 timing npm:load:configScope Completed in 0ms
30 timing npm:load Completed in 50ms
31 timing arborist:ctor Completed in 1ms
32 silly logfile done cleaning log files
33 timing arborist:ctor Completed in 0ms
34 timing idealTree:init Completed in 9ms
35 timing idealTree:userRequests Completed in 0ms
36 silly idealTree buildDeps
37 silly fetch manifest react@^18.0.0
38 http fetch GET 200 https://registry.npmjs.org/npm 2891ms
39 http fetch GET 200 https://registry.npmjs.org/react 4759ms (cache miss)
40 silly fetch manifest react-dom@^18.0.0
41 http fetch GET 200 https://registry.npmjs.org/react-dom 1749ms (cache miss)
42 silly fetch manifest @vitejs/plugin-react@^4.0.0
43 http fetch GET 200 https://registry.npmjs.org/@vitejs%2fplugin-react 2252ms (cache miss)
44 silly fetch manifest vite@^4.3.9
45 http fetch GET 200 https://registry.npmjs.org/vite 13273ms (cache miss)
46 silly fetch manifest @types/node@>= 14
47 http fetch GET 200 https://registry.npmjs.org/@types%2fnode 2837ms (cache miss)
48 silly fetch manifest less@*
49 http fetch GET 200 https://registry.npmjs.org/less 415ms (cache miss)
50 silly fetch manifest lightningcss@^1.21.0
51 http fetch GET 200 https://registry.npmjs.org/lightningcss 917ms (cache miss)
52 silly fetch manifest sass@*
53 http fetch GET 200 https://registry.npmjs.org/sass 525ms (cache miss)
54 silly fetch manifest stylus@*
55 http fetch GET 200 https://registry.npmjs.org/stylus 999ms (cache miss)
56 silly fetch manifest sugarss@*
57 http fetch GET 200 https://registry.npmjs.org/sugarss 960ms (cache miss)
58 silly fetch manifest postcss@^8.3.3
59 http fetch GET 200 https://registry.npmjs.org/postcss 298ms (cache miss)
60 silly fetch manifest terser@^5.4.0
61 http fetch GET 200 https://registry.npmjs.org/terser 584ms (cache miss)
62 silly placeDep ROOT @vitejs/plugin-react@4.2.1 OK for: react-essentials-start@0.0.0 want: ^4.0.0
63 silly placeDep ROOT vite@4.5.2 OK for: @vitejs/plugin-react@4.2.1 want: ^4.2.0 || ^5.0.0
64 silly placeDep ROOT react@18.2.0 OK for: react-essentials-start@0.0.0 want: ^18.0.0
65 silly placeDep ROOT react-dom@18.2.0 OK for: react-essentials-start@0.0.0 want: ^18.0.0
66 silly fetch manifest @babel/core@^7.23.5
67 silly fetch manifest @babel/plugin-transform-react-jsx-self@^7.23.3
68 silly fetch manifest @babel/plugin-transform-react-jsx-source@^7.23.3
69 silly fetch manifest @types/babel__core@^7.20.5
70 silly fetch manifest react-refresh@^0.14.0
71 silly fetch manifest esbuild@^0.18.10
72 silly fetch manifest postcss@^8.4.27
73 silly fetch manifest rollup@^3.27.1
74 http fetch GET 200 https://registry.npmjs.org/@babel%2fplugin-transform-react-jsx-self 208ms (cache miss)
75 silly fetch manifest fsevents@~2.3.2
76 http fetch GET 200 https://registry.npmjs.org/@babel%2fplugin-transform-react-jsx-source 284ms (cache miss)
77 silly fetch manifest loose-envify@^1.1.0
78 http fetch GET 200 https://registry.npmjs.org/fsevents 947ms (cache miss)
79 http fetch GET 200 https://registry.npmjs.org/loose-envify 976ms (cache miss)
80 silly fetch manifest scheduler@^0.23.0
81 http fetch GET 200 https://registry.npmjs.org/@types%2fbabel__core 1412ms (cache miss)
82 http fetch GET 200 https://registry.npmjs.org/@babel%2fcore 2405ms (cache miss)
83 http fetch GET 200 https://registry.npmjs.org/esbuild 3387ms (cache miss)
84 http fetch GET 200 https://registry.npmjs.org/rollup 5221ms (cache miss)
85 http fetch GET 200 https://registry.npmjs.org/react-refresh 6511ms (cache miss)
86 http fetch GET 200 https://registry.npmjs.org/scheduler 6943ms (cache miss)
87 timing idealTree:#root Completed in 38328ms
88 silly placeDep ROOT @babel/core@7.23.9 OK for: @vitejs/plugin-react@4.2.1 want: ^7.23.5
89 silly placeDep ROOT @babel/plugin-transform-react-jsx-self@7.23.3 OK for: @vitejs/plugin-react@4.2.1 want: ^7.23.3
90 silly placeDep ROOT @babel/plugin-transform-react-jsx-source@7.23.3 OK for: @vitejs/plugin-react@4.2.1 want: ^7.23.3
91 silly placeDep ROOT @types/babel__core@7.20.5 OK for: @vitejs/plugin-react@4.2.1 want: ^7.20.5
92 silly placeDep ROOT react-refresh@0.14.0 OK for: @vitejs/plugin-react@4.2.1 want: ^0.14.0
93 silly fetch manifest @ampproject/remapping@^2.2.0
94 silly fetch manifest @babel/code-frame@^7.23.5
95 silly fetch manifest @babel/generator@^7.23.6
96 silly fetch manifest @babel/helper-compilation-targets@^7.23.6
97 silly fetch manifest @babel/helper-module-transforms@^7.23.3
98 silly fetch manifest @babel/helpers@^7.23.9
99 silly fetch manifest @babel/parser@^7.23.9
100 http fetch GET 200 https://registry.npmjs.org/@babel%2fcode-frame 370ms (cache miss)
101 silly fetch manifest @babel/template@^7.23.9
102 http fetch GET 200 https://registry.npmjs.org/@ampproject%2fremapping 408ms (cache miss)
103 silly fetch manifest @babel/traverse@^7.23.9
104 http fetch GET 200 https://registry.npmjs.org/@babel%2ftemplate 926ms (cache miss)
105 silly fetch manifest @babel/types@^7.23.9
106 http fetch GET 200 https://registry.npmjs.org/@babel%2fgenerator 1330ms (cache miss)
107 silly fetch manifest convert-source-map@^2.0.0
108 http fetch GET 200 https://registry.npmjs.org/@babel%2fparser 1451ms (cache miss)
109 silly fetch manifest debug@^4.1.0
110 http fetch GET 200 https://registry.npmjs.org/@babel%2ftypes 499ms (cache miss)
111 silly fetch manifest gensync@^1.0.0-beta.2
112 http fetch GET 200 https://registry.npmjs.org/debug 437ms (cache miss)
113 silly fetch manifest json5@^2.2.3
114 http fetch GET 200 https://registry.npmjs.org/@babel%2fhelper-module-transforms 2222ms (cache miss)
115 silly fetch manifest semver@^6.3.1
116 http fetch GET 200 https://registry.npmjs.org/@babel%2fhelper-compilation-targets 2365ms (cache miss)
117 silly fetch manifest @babel/helper-plugin-utils@^7.22.5
118 http fetch GET 200 https://registry.npmjs.org/gensync 614ms (cache miss)
119 http fetch GET 200 https://registry.npmjs.org/@babel%2fhelpers 2556ms (cache miss)
120 silly fetch manifest @babel/parser@^7.20.7
121 silly fetch manifest @babel/types@^7.20.7
122 silly fetch manifest @types/babel__generator@*
123 http fetch GET 200 https://registry.npmjs.org/json5 848ms (cache miss)
124 silly fetch manifest @types/babel__template@*
125 http fetch GET 200 https://registry.npmjs.org/@babel%2ftraverse 2917ms (cache miss)
126 silly fetch manifest @types/babel__traverse@*
127 http fetch GET 200 https://registry.npmjs.org/convert-source-map 2074ms (cache miss)
128 http fetch GET 200 https://registry.npmjs.org/semver 1419ms (cache miss)
129 http fetch GET 200 https://registry.npmjs.org/@babel%2fhelper-plugin-utils 1442ms (cache miss)
130 http fetch GET 200 https://registry.npmjs.org/@types%2fbabel__generator 1288ms (cache miss)
131 http fetch GET 200 https://registry.npmjs.org/@types%2fbabel__template 1148ms (cache miss)
132 http fetch GET 200 https://registry.npmjs.org/@types%2fbabel__traverse 651ms (cache miss)
133 timing idealTree:node_modules/@vitejs/plugin-react Completed in 4000ms
134 silly fetch manifest @babel/core@^7.0.0
135 silly placeDep ROOT @ampproject/remapping@2.2.1 OK for: @babel/core@7.23.9 want: ^2.2.0
136 silly placeDep ROOT @babel/code-frame@7.23.5 OK for: @babel/core@7.23.9 want: ^7.23.5
137 silly placeDep ROOT @babel/generator@7.23.6 OK for: @babel/core@7.23.9 want: ^7.23.6
138 silly placeDep ROOT @babel/helper-compilation-targets@7.23.6 OK for: @babel/core@7.23.9 want: ^7.23.6
139 silly placeDep ROOT @babel/helper-module-transforms@7.23.3 OK for: @babel/core@7.23.9 want: ^7.23.3
140 silly placeDep ROOT @babel/helpers@7.23.9 OK for: @babel/core@7.23.9 want: ^7.23.9
141 silly placeDep ROOT @babel/parser@7.23.9 OK for: @babel/core@7.23.9 want: ^7.23.9
142 silly placeDep ROOT @babel/template@7.23.9 OK for: @babel/core@7.23.9 want: ^7.23.9
143 silly placeDep ROOT @babel/traverse@7.23.9 OK for: @babel/core@7.23.9 want: ^7.23.9
144 silly placeDep ROOT @babel/types@7.23.9 OK for: @babel/core@7.23.9 want: ^7.23.9
145 silly placeDep ROOT convert-source-map@2.0.0 OK for: @babel/core@7.23.9 want: ^2.0.0
146 silly placeDep ROOT debug@4.3.4 OK for: @babel/core@7.23.9 want: ^4.1.0
147 silly placeDep ROOT gensync@1.0.0-beta.2 OK for: @babel/core@7.23.9 want: ^1.0.0-beta.2
148 silly placeDep ROOT json5@2.2.3 OK for: @babel/core@7.23.9 want: ^2.2.3
149 silly placeDep ROOT semver@6.3.1 OK for: @babel/core@7.23.9 want: ^6.3.1
150 silly fetch manifest @jridgewell/gen-mapping@^0.3.0
151 silly fetch manifest @jridgewell/trace-mapping@^0.3.9
152 silly fetch manifest @babel/highlight@^7.23.4
153 silly fetch manifest chalk@^2.4.2
154 silly fetch manifest @babel/types@^7.23.6
155 silly fetch manifest @jridgewell/gen-mapping@^0.3.2
156 silly fetch manifest @jridgewell/trace-mapping@^0.3.17
157 silly fetch manifest jsesc@^2.5.1
158 http fetch GET 200 https://registry.npmjs.org/chalk 177ms (cache miss)
159 silly fetch manifest @babel/compat-data@^7.23.5
160 http fetch GET 200 https://registry.npmjs.org/@babel%2fhighlight 331ms (cache miss)
161 silly fetch manifest @babel/helper-validator-option@^7.23.5
162 http fetch GET 200 https://registry.npmjs.org/jsesc 343ms (cache miss)
163 silly fetch manifest browserslist@^4.22.2
164 http fetch GET 200 https://registry.npmjs.org/@jridgewell%2fgen-mapping 366ms (cache miss)
165 silly fetch manifest lru-cache@^5.1.1
166 http fetch GET 200 https://registry.npmjs.org/@jridgewell%2fgen-mapping 447ms (cache miss)
167 silly fetch manifest @babel/helper-environment-visitor@^7.22.20
168 http fetch GET 200 https://registry.npmjs.org/@jridgewell%2ftrace-mapping 559ms (cache miss)
169 silly fetch manifest @babel/helper-module-imports@^7.22.15
170 http fetch GET 200 https://registry.npmjs.org/@jridgewell%2ftrace-mapping 586ms (cache miss)
171 silly fetch manifest @babel/helper-simple-access@^7.22.5
172 http fetch GET 200 https://registry.npmjs.org/@babel%2fcompat-data 558ms (cache miss)
173 silly fetch manifest @babel/helper-split-export-declaration@^7.22.6
174 http fetch GET 200 https://registry.npmjs.org/@babel%2fhelper-validator-option 449ms (cache miss)
175 silly fetch manifest @babel/helper-validator-identifier@^7.22.20
176 http fetch GET 200 https://registry.npmjs.org/lru-cache 989ms (cache miss)
177 http fetch GET 200 https://registry.npmjs.org/@babel%2fhelper-environment-visitor 1255ms (cache miss)
178 silly fetch manifest @babel/helper-function-name@^7.23.0
179 silly fetch manifest @babel/helper-hoist-variables@^7.22.5
180 http fetch GET 200 https://registry.npmjs.org/@babel%2fhelper-module-imports 1302ms (cache miss)
181 http fetch GET 200 https://registry.npmjs.org/@babel%2fhelper-simple-access 1376ms (cache miss)
182 silly fetch manifest debug@^4.3.1
183 silly fetch manifest globals@^11.1.0
184 http fetch GET 200 https://registry.npmjs.org/@babel%2fhelper-split-export-declaration 1381ms (cache miss)
185 silly fetch manifest @babel/helper-string-parser@^7.23.4
186 http fetch GET 200 https://registry.npmjs.org/@babel%2fhelper-validator-identifier 1377ms (cache miss)
187 silly fetch manifest to-fast-properties@^2.0.0
188 silly fetch manifest ms@2.1.2
189 http fetch GET 200 https://registry.npmjs.org/@babel%2fhelper-function-name 671ms (cache miss)
190 http fetch GET 200 https://registry.npmjs.org/@babel%2fhelper-hoist-variables 705ms (cache miss)
191 http fetch GET 200 https://registry.npmjs.org/globals 564ms (cache miss)
192 http fetch GET 200 https://registry.npmjs.org/browserslist 2200ms (cache miss)
193 http fetch GET 200 https://registry.npmjs.org/ms 421ms (cache miss)
194 http fetch GET 200 https://registry.npmjs.org/to-fast-properties 569ms (cache miss)
195 http fetch GET 200 https://registry.npmjs.org/@babel%2fhelper-string-parser 610ms (cache miss)
196 timing idealTree:node_modules/@babel/core Completed in 2764ms
197 silly placeDep ROOT @jridgewell/gen-mapping@0.3.3 OK for: @ampproject/remapping@2.2.1 want: ^0.3.0
198 silly placeDep ROOT @jridgewell/trace-mapping@0.3.22 OK for: @ampproject/remapping@2.2.1 want: ^0.3.9
199 silly fetch manifest @jridgewell/set-array@^1.0.1
200 silly fetch manifest @jridgewell/sourcemap-codec@^1.4.10
201 silly fetch manifest @jridgewell/resolve-uri@^3.1.0
202 silly fetch manifest @jridgewell/sourcemap-codec@^1.4.14
203 http fetch GET 200 https://registry.npmjs.org/@jridgewell%2fset-array 204ms (cache miss)
204 http fetch GET 200 https://registry.npmjs.org/@jridgewell%2fsourcemap-codec 237ms (cache miss)
205 http fetch GET 200 https://registry.npmjs.org/@jridgewell%2fsourcemap-codec 312ms (cache miss)
206 http fetch GET 200 https://registry.npmjs.org/@jridgewell%2fresolve-uri 324ms (cache miss)
207 timing idealTree:node_modules/@ampproject/remapping Completed in 339ms
208 silly placeDep ROOT @babel/highlight@7.23.4 OK for: @babel/code-frame@7.23.5 want: ^7.23.4
209 silly placeDep ROOT chalk@2.4.2 OK for: @babel/code-frame@7.23.5 want: ^2.4.2
210 silly fetch manifest js-tokens@^4.0.0
211 silly fetch manifest ansi-styles@^3.2.1
212 silly fetch manifest escape-string-regexp@^1.0.5
213 silly fetch manifest supports-color@^5.3.0
214 http fetch GET 200 https://registry.npmjs.org/js-tokens 126ms (cache miss)
215 http fetch GET 200 https://registry.npmjs.org/ansi-styles 204ms (cache miss)
216 http fetch GET 200 https://registry.npmjs.org/supports-color 222ms (cache miss)
217 http fetch GET 200 https://registry.npmjs.org/escape-string-regexp 930ms (cache miss)
218 timing idealTree:node_modules/@babel/code-frame Completed in 944ms
219 silly placeDep ROOT jsesc@2.5.2 OK for: @babel/generator@7.23.6 want: ^2.5.1
220 timing idealTree:node_modules/@babel/generator Completed in 2ms
221 silly placeDep ROOT @babel/compat-data@7.23.5 OK for: @babel/helper-compilation-targets@7.23.6 want: ^7.23.5
222 silly placeDep ROOT @babel/helper-validator-option@7.23.5 OK for: @babel/helper-compilation-targets@7.23.6 want: ^7.23.5
223 silly placeDep ROOT browserslist@4.23.0 OK for: @babel/helper-compilation-targets@7.23.6 want: ^4.22.2
224 silly placeDep ROOT lru-cache@5.1.1 OK for: @babel/helper-compilation-targets@7.23.6 want: ^5.1.1
225 silly fetch manifest caniuse-lite@^1.0.30001587
226 silly fetch manifest electron-to-chromium@^1.4.668
227 silly fetch manifest node-releases@^2.0.14
228 silly fetch manifest update-browserslist-db@^1.0.13
229 silly fetch manifest yallist@^3.0.2
230 http fetch GET 200 https://registry.npmjs.org/update-browserslist-db 115ms (cache miss)
231 http fetch GET 200 https://registry.npmjs.org/yallist 136ms (cache miss)
232 http fetch GET 200 https://registry.npmjs.org/node-releases 431ms (cache miss)
233 http fetch GET 200 https://registry.npmjs.org/electron-to-chromium 2445ms (cache miss)
234 http fetch GET 200 https://registry.npmjs.org/caniuse-lite 2600ms (cache miss)
235 timing idealTree:node_modules/@babel/helper-compilation-targets Completed in 2629ms
236 timing idealTree:node_modules/@babel/compat-data Completed in 0ms
237 silly placeDep ROOT @babel/helper-environment-visitor@7.22.20 OK for: @babel/helper-module-transforms@7.23.3 want: ^7.22.20
238 silly placeDep ROOT @babel/helper-module-imports@7.22.15 OK for: @babel/helper-module-transforms@7.23.3 want: ^7.22.15
239 silly placeDep ROOT @babel/helper-simple-access@7.22.5 OK for: @babel/helper-module-transforms@7.23.3 want: ^7.22.5
240 silly placeDep ROOT @babel/helper-split-export-declaration@7.22.6 OK for: @babel/helper-module-transforms@7.23.3 want: ^7.22.6
241 silly placeDep ROOT @babel/helper-validator-identifier@7.22.20 OK for: @babel/helper-module-transforms@7.23.3 want: ^7.22.20
242 timing idealTree:node_modules/@babel/helper-module-transforms Completed in 8ms
243 timing idealTree:node_modules/@babel/helper-environment-visitor Completed in 0ms
244 timing idealTree:node_modules/@babel/helper-module-imports Completed in 0ms
245 timing idealTree:node_modules/@babel/helper-simple-access Completed in 0ms
246 timing idealTree:node_modules/@babel/helper-split-export-declaration Completed in 0ms
247 timing idealTree:node_modules/@babel/helper-validator-identifier Completed in 0ms
248 timing idealTree:node_modules/@babel/helper-validator-option Completed in 0ms
249 timing idealTree:node_modules/@babel/helpers Completed in 0ms
250 silly placeDep ROOT js-tokens@4.0.0 OK for: @babel/highlight@7.23.4 want: ^4.0.0
251 timing idealTree:node_modules/@babel/highlight Completed in 1ms
252 timing idealTree:node_modules/@babel/parser Completed in 0ms
253 silly placeDep ROOT @babel/helper-plugin-utils@7.22.5 OK for: @babel/plugin-transform-react-jsx-self@7.23.3 want: ^7.22.5
254 timing idealTree:node_modules/@babel/plugin-transform-react-jsx-self Completed in 1ms
255 timing idealTree:node_modules/@babel/helper-plugin-utils Completed in 0ms
256 timing idealTree:node_modules/@babel/plugin-transform-react-jsx-source Completed in 0ms
257 timing idealTree:node_modules/@babel/template Completed in 0ms
258 silly placeDep ROOT @babel/helper-function-name@7.23.0 OK for: @babel/traverse@7.23.9 want: ^7.23.0
259 silly placeDep ROOT @babel/helper-hoist-variables@7.22.5 OK for: @babel/traverse@7.23.9 want: ^7.22.5
260 silly placeDep ROOT globals@11.12.0 OK for: @babel/traverse@7.23.9 want: ^11.1.0
261 timing idealTree:node_modules/@babel/traverse Completed in 4ms
262 timing idealTree:node_modules/@babel/helper-function-name Completed in 0ms
263 timing idealTree:node_modules/@babel/helper-hoist-variables Completed in 0ms
264 silly placeDep ROOT @babel/helper-string-parser@7.23.4 OK for: @babel/types@7.23.9 want: ^7.23.4
265 silly placeDep ROOT to-fast-properties@2.0.0 OK for: @babel/types@7.23.9 want: ^2.0.0
266 timing idealTree:node_modules/@babel/types Completed in 1ms
267 timing idealTree:node_modules/@babel/helper-string-parser Completed in 0ms
268 silly placeDep ROOT @jridgewell/set-array@1.1.2 OK for: @jridgewell/gen-mapping@0.3.3 want: ^1.0.1
269 silly placeDep ROOT @jridgewell/sourcemap-codec@1.4.15 OK for: @jridgewell/gen-mapping@0.3.3 want: ^1.4.10
270 timing idealTree:node_modules/@jridgewell/gen-mapping Completed in 2ms
271 timing idealTree:node_modules/@jridgewell/set-array Completed in 0ms
272 timing idealTree:node_modules/@jridgewell/sourcemap-codec Completed in 0ms
273 silly placeDep ROOT @jridgewell/resolve-uri@3.1.2 OK for: @jridgewell/trace-mapping@0.3.22 want: ^3.1.0
274 timing idealTree:node_modules/@jridgewell/trace-mapping Completed in 1ms
275 timing idealTree:node_modules/@jridgewell/resolve-uri Completed in 0ms
276 silly placeDep ROOT @types/babel__generator@7.6.8 OK for: @types/babel__core@7.20.5 want: *
277 silly placeDep ROOT @types/babel__template@7.4.4 OK for: @types/babel__core@7.20.5 want: *
278 silly placeDep ROOT @types/babel__traverse@7.20.5 OK for: @types/babel__core@7.20.5 want: *
279 timing idealTree:node_modules/@types/babel__core Completed in 4ms
280 timing idealTree:node_modules/@types/babel__generator Completed in 0ms
281 timing idealTree:node_modules/@types/babel__template Completed in 0ms
282 timing idealTree:node_modules/@types/babel__traverse Completed in 0ms
283 silly fetch manifest browserslist@>= 4.21.0
284 silly placeDep ROOT caniuse-lite@1.0.30001588 OK for: browserslist@4.23.0 want: ^1.0.30001587
285 silly placeDep ROOT electron-to-chromium@1.4.679 OK for: browserslist@4.23.0 want: ^1.4.668
286 silly placeDep ROOT node-releases@2.0.14 OK for: browserslist@4.23.0 want: ^2.0.14
287 silly placeDep ROOT update-browserslist-db@1.0.13 OK for: browserslist@4.23.0 want: ^1.0.13
288 silly fetch manifest escalade@^3.1.1
289 silly fetch manifest picocolors@^1.0.0
290 http fetch GET 200 https://registry.npmjs.org/escalade 86ms (cache miss)
291 http fetch GET 200 https://registry.npmjs.org/picocolors 106ms (cache miss)
292 timing idealTree:node_modules/browserslist Completed in 114ms
293 timing idealTree:node_modules/caniuse-lite Completed in 0ms
294 silly placeDep ROOT ansi-styles@3.2.1 OK for: chalk@2.4.2 want: ^3.2.1
295 silly placeDep ROOT escape-string-regexp@1.0.5 OK for: chalk@2.4.2 want: ^1.0.5
296 silly placeDep ROOT supports-color@5.5.0 OK for: chalk@2.4.2 want: ^5.3.0
297 silly fetch manifest color-convert@^1.9.0
298 silly fetch manifest has-flag@^3.0.0
299 http fetch GET 200 https://registry.npmjs.org/has-flag 101ms (cache miss)
300 http fetch GET 200 https://registry.npmjs.org/color-convert 170ms (cache miss)
301 timing idealTree:node_modules/chalk Completed in 180ms
302 silly placeDep ROOT color-convert@1.9.3 OK for: ansi-styles@3.2.1 want: ^1.9.0
303 silly fetch manifest color-name@1.1.3
304 http fetch GET 200 https://registry.npmjs.org/color-name 80ms (cache miss)
305 timing idealTree:node_modules/ansi-styles Completed in 85ms
306 silly placeDep ROOT color-name@1.1.3 OK for: color-convert@1.9.3 want: 1.1.3
307 timing idealTree:node_modules/color-convert Completed in 5ms
308 timing idealTree:node_modules/color-name Completed in 0ms
309 timing idealTree:node_modules/convert-source-map Completed in 0ms
310 silly placeDep ROOT ms@2.1.2 OK for: debug@4.3.4 want: 2.1.2
311 timing idealTree:node_modules/debug Completed in 1ms
312 timing idealTree:node_modules/electron-to-chromium Completed in 0ms
313 timing idealTree:node_modules/escape-string-regexp Completed in 0ms
314 timing idealTree:node_modules/gensync Completed in 0ms
315 timing idealTree:node_modules/globals Completed in 0ms
316 timing idealTree:node_modules/js-tokens Completed in 0ms
317 timing idealTree:node_modules/jsesc Completed in 0ms
318 timing idealTree:node_modules/json5 Completed in 0ms
319 silly placeDep ROOT yallist@3.1.1 OK for: lru-cache@5.1.1 want: ^3.0.2
320 timing idealTree:node_modules/lru-cache Completed in 1ms
321 timing idealTree:node_modules/ms Completed in 0ms
322 timing idealTree:node_modules/node-releases Completed in 0ms
323 silly placeDep ROOT loose-envify@1.4.0 OK for: react@18.2.0 want: ^1.1.0
324 timing idealTree:node_modules/react Completed in 3ms
325 timing idealTree:node_modules/loose-envify Completed in 0ms
326 silly placeDep ROOT scheduler@0.23.0 OK for: react-dom@18.2.0 want: ^0.23.0
327 timing idealTree:node_modules/react-dom Completed in 1ms
328 timing idealTree:node_modules/react-refresh Completed in 0ms
329 timing idealTree:node_modules/scheduler Completed in 0ms
330 timing idealTree:node_modules/semver Completed in 0ms
331 silly placeDep ROOT has-flag@3.0.0 OK for: supports-color@5.5.0 want: ^3.0.0
332 timing idealTree:node_modules/supports-color Completed in 1ms
333 timing idealTree:node_modules/has-flag Completed in 0ms
334 timing idealTree:node_modules/to-fast-properties Completed in 0ms
335 silly placeDep ROOT escalade@3.1.2 OK for: update-browserslist-db@1.0.13 want: ^3.1.1
336 silly placeDep ROOT picocolors@1.0.0 OK for: update-browserslist-db@1.0.13 want: ^1.0.0
337 timing idealTree:node_modules/update-browserslist-db Completed in 7ms
338 timing idealTree:node_modules/escalade Completed in 0ms
339 timing idealTree:node_modules/picocolors Completed in 0ms
340 silly placeDep ROOT esbuild@0.18.20 OK for: vite@4.5.2 want: ^0.18.10
341 silly placeDep ROOT fsevents@2.3.3 OK for: vite@4.5.2 want: ~2.3.2
342 silly placeDep ROOT postcss@8.4.35 OK for: vite@4.5.2 want: ^8.4.27
343 silly placeDep ROOT rollup@3.29.4 OK for: vite@4.5.2 want: ^3.27.1
344 silly fetch manifest @esbuild/android-arm@0.18.20
345 silly fetch manifest @esbuild/android-arm64@0.18.20
346 silly fetch manifest @esbuild/android-x64@0.18.20
347 silly fetch manifest @esbuild/darwin-arm64@0.18.20
348 silly fetch manifest @esbuild/darwin-x64@0.18.20
349 silly fetch manifest @esbuild/freebsd-arm64@0.18.20
350 silly fetch manifest @esbuild/freebsd-x64@0.18.20
351 http fetch GET 200 https://registry.npmjs.org/@esbuild%2fdarwin-x64 552ms (cache miss)
352 silly fetch manifest @esbuild/linux-arm@0.18.20
353 http fetch GET 200 https://registry.npmjs.org/@esbuild%2flinux-arm 426ms (cache miss)
354 silly fetch manifest @esbuild/linux-arm64@0.18.20
355 http fetch GET 200 https://registry.npmjs.org/@esbuild%2ffreebsd-arm64 1577ms (cache miss)
356 silly fetch manifest @esbuild/linux-ia32@0.18.20
357 http fetch GET 200 https://registry.npmjs.org/@esbuild%2fandroid-x64 2162ms (cache miss)
358 silly fetch manifest @esbuild/linux-loong64@0.18.20
359 http fetch GET 200 https://registry.npmjs.org/@esbuild%2flinux-ia32 671ms (cache miss)
360 silly fetch manifest @esbuild/linux-mips64el@0.18.20
361 http fetch GET 200 https://registry.npmjs.org/@esbuild%2fandroid-arm64 2329ms (cache miss)
362 silly fetch manifest @esbuild/linux-ppc64@0.18.20
363 http fetch GET 200 https://registry.npmjs.org/@esbuild%2ffreebsd-x64 2444ms (cache miss)
364 silly fetch manifest @esbuild/linux-riscv64@0.18.20
365 http fetch GET 200 https://registry.npmjs.org/@esbuild%2fandroid-arm 2464ms (cache miss)
366 silly fetch manifest @esbuild/linux-s390x@0.18.20
367 http fetch GET 200 https://registry.npmjs.org/@esbuild%2fdarwin-arm64 2547ms (cache miss)
368 silly fetch manifest @esbuild/linux-x64@0.18.20
369 http fetch GET 200 https://registry.npmjs.org/@esbuild%2flinux-arm64 2010ms (cache miss)
370 silly fetch manifest @esbuild/netbsd-x64@0.18.20
371 http fetch GET 200 https://registry.npmjs.org/@esbuild%2flinux-s390x 692ms (cache miss)
372 silly fetch manifest @esbuild/openbsd-x64@0.18.20
373 http fetch GET 200 https://registry.npmjs.org/@esbuild%2flinux-loong64 2051ms (cache miss)
374 silly fetch manifest @esbuild/sunos-x64@0.18.20
375 http fetch GET 200 https://registry.npmjs.org/@esbuild%2flinux-mips64el 2199ms (cache miss)
376 silly fetch manifest @esbuild/win32-arm64@0.18.20
377 http fetch GET 200 https://registry.npmjs.org/@esbuild%2flinux-ppc64 2144ms (cache miss)
378 silly fetch manifest @esbuild/win32-ia32@0.18.20
379 http fetch GET 200 https://registry.npmjs.org/@esbuild%2flinux-riscv64 2448ms (cache miss)
380 silly fetch manifest @esbuild/win32-x64@0.18.20
381 http fetch GET 200 https://registry.npmjs.org/@esbuild%2flinux-x64 2348ms (cache miss)
382 silly fetch manifest nanoid@^3.3.7
383 http fetch GET 200 https://registry.npmjs.org/@esbuild%2fnetbsd-x64 2094ms (cache miss)
384 silly fetch manifest source-map-js@^1.0.2
385 http fetch GET 200 https://registry.npmjs.org/nanoid 362ms (cache miss)
386 http fetch GET 200 https://registry.npmjs.org/source-map-js 431ms (cache miss)
387 http fetch GET 200 https://registry.npmjs.org/@esbuild%2fopenbsd-x64 2439ms (cache miss)
388 http fetch GET 200 https://registry.npmjs.org/@esbuild%2fsunos-x64 2177ms (cache miss)
389 http fetch GET 200 https://registry.npmjs.org/@esbuild%2fwin32-arm64 2022ms (cache miss)
390 http fetch GET 200 https://registry.npmjs.org/@esbuild%2fwin32-ia32 2224ms (cache miss)
391 http fetch GET 200 https://registry.npmjs.org/@esbuild%2fwin32-x64 2310ms (cache miss)
392 timing idealTree:node_modules/vite Completed in 7219ms
393 silly placeDep ROOT @esbuild/android-arm@0.18.20 OK for: esbuild@0.18.20 want: 0.18.20
394 silly placeDep ROOT @esbuild/android-arm64@0.18.20 OK for: esbuild@0.18.20 want: 0.18.20
395 silly placeDep ROOT @esbuild/android-x64@0.18.20 OK for: esbuild@0.18.20 want: 0.18.20
396 silly placeDep ROOT @esbuild/darwin-arm64@0.18.20 OK for: esbuild@0.18.20 want: 0.18.20
397 silly placeDep ROOT @esbuild/darwin-x64@0.18.20 OK for: esbuild@0.18.20 want: 0.18.20
398 silly placeDep ROOT @esbuild/freebsd-arm64@0.18.20 OK for: esbuild@0.18.20 want: 0.18.20
399 silly placeDep ROOT @esbuild/freebsd-x64@0.18.20 OK for: esbuild@0.18.20 want: 0.18.20
400 silly placeDep ROOT @esbuild/linux-arm@0.18.20 OK for: esbuild@0.18.20 want: 0.18.20
401 silly placeDep ROOT @esbuild/linux-arm64@0.18.20 OK for: esbuild@0.18.20 want: 0.18.20
402 silly placeDep ROOT @esbuild/linux-ia32@0.18.20 OK for: esbuild@0.18.20 want: 0.18.20
403 silly placeDep ROOT @esbuild/linux-loong64@0.18.20 OK for: esbuild@0.18.20 want: 0.18.20
404 silly placeDep ROOT @esbuild/linux-mips64el@0.18.20 OK for: esbuild@0.18.20 want: 0.18.20
405 silly placeDep ROOT @esbuild/linux-ppc64@0.18.20 OK for: esbuild@0.18.20 want: 0.18.20
406 silly placeDep ROOT @esbuild/linux-riscv64@0.18.20 OK for: esbuild@0.18.20 want: 0.18.20
407 silly placeDep ROOT @esbuild/linux-s390x@0.18.20 OK for: esbuild@0.18.20 want: 0.18.20
408 silly placeDep ROOT @esbuild/linux-x64@0.18.20 OK for: esbuild@0.18.20 want: 0.18.20
409 silly placeDep ROOT @esbuild/netbsd-x64@0.18.20 OK for: esbuild@0.18.20 want: 0.18.20
410 silly placeDep ROOT @esbuild/openbsd-x64@0.18.20 OK for: esbuild@0.18.20 want: 0.18.20
411 silly placeDep ROOT @esbuild/sunos-x64@0.18.20 OK for: esbuild@0.18.20 want: 0.18.20
412 silly placeDep ROOT @esbuild/win32-arm64@0.18.20 OK for: esbuild@0.18.20 want: 0.18.20
413 silly placeDep ROOT @esbuild/win32-ia32@0.18.20 OK for: esbuild@0.18.20 want: 0.18.20
414 silly placeDep ROOT @esbuild/win32-x64@0.18.20 OK for: esbuild@0.18.20 want: 0.18.20
415 timing idealTree:node_modules/esbuild Completed in 26ms
416 timing idealTree:node_modules/@esbuild/android-arm Completed in 0ms
417 timing idealTree:node_modules/@esbuild/android-arm64 Completed in 0ms
418 timing idealTree:node_modules/@esbuild/android-x64 Completed in 0ms
419 timing idealTree:node_modules/@esbuild/darwin-arm64 Completed in 0ms
420 timing idealTree:node_modules/@esbuild/darwin-x64 Completed in 0ms
421 timing idealTree:node_modules/@esbuild/freebsd-arm64 Completed in 0ms
422 timing idealTree:node_modules/@esbuild/freebsd-x64 Completed in 0ms
423 timing idealTree:node_modules/@esbuild/linux-arm Completed in 0ms
424 timing idealTree:node_modules/@esbuild/linux-arm64 Completed in 0ms
425 timing idealTree:node_modules/@esbuild/linux-ia32 Completed in 0ms
426 timing idealTree:node_modules/@esbuild/linux-loong64 Completed in 0ms
427 timing idealTree:node_modules/@esbuild/linux-mips64el Completed in 0ms
428 timing idealTree:node_modules/@esbuild/linux-ppc64 Completed in 0ms
429 timing idealTree:node_modules/@esbuild/linux-riscv64 Completed in 0ms
430 timing idealTree:node_modules/@esbuild/linux-s390x Completed in 0ms
431 timing idealTree:node_modules/@esbuild/linux-x64 Completed in 0ms
432 timing idealTree:node_modules/@esbuild/netbsd-x64 Completed in 0ms
433 timing idealTree:node_modules/@esbuild/openbsd-x64 Completed in 0ms
434 timing idealTree:node_modules/@esbuild/sunos-x64 Completed in 0ms
435 timing idealTree:node_modules/@esbuild/win32-arm64 Completed in 0ms
436 timing idealTree:node_modules/@esbuild/win32-ia32 Completed in 0ms
437 timing idealTree:node_modules/@esbuild/win32-x64 Completed in 0ms
438 timing idealTree:node_modules/fsevents Completed in 0ms
439 silly placeDep ROOT nanoid@3.3.7 OK for: postcss@8.4.35 want: ^3.3.7
440 silly placeDep ROOT source-map-js@1.0.2 OK for: postcss@8.4.35 want: ^1.0.2
441 timing idealTree:node_modules/postcss Completed in 2ms
442 timing idealTree:node_modules/nanoid Completed in 0ms
443 timing idealTree:node_modules/rollup Completed in 0ms
444 timing idealTree:node_modules/source-map-js Completed in 0ms
445 timing idealTree:node_modules/yallist Completed in 0ms
446 timing idealTree:buildDeps Completed in 56679ms
447 timing idealTree:fixDepFlags Completed in 1ms
448 timing idealTree Completed in 56692ms
449 timing reify:loadTrees Completed in 56692ms
450 timing reify:diffTrees Completed in 2ms
451 silly reify moves {}
452 timing reify:retireShallow Completed in 2ms
453 timing reify:createSparse Completed in 42ms
454 timing reify:loadBundles Completed in 0ms
455 silly audit bulk request {
455 silly audit   '@vitejs/plugin-react': [ '4.2.1' ],
455 silly audit   vite: [ '4.5.2' ],
455 silly audit   react: [ '18.2.0' ],
455 silly audit   'react-dom': [ '18.2.0' ],
455 silly audit   '@babel/core': [ '7.23.9' ],
455 silly audit   '@babel/plugin-transform-react-jsx-self': [ '7.23.3' ],
455 silly audit   '@babel/plugin-transform-react-jsx-source': [ '7.23.3' ],
455 silly audit   '@types/babel__core': [ '7.20.5' ],
455 silly audit   'react-refresh': [ '0.14.0' ],
455 silly audit   '@ampproject/remapping': [ '2.2.1' ],
455 silly audit   '@babel/code-frame': [ '7.23.5' ],
455 silly audit   '@babel/generator': [ '7.23.6' ],
455 silly audit   '@babel/helper-compilation-targets': [ '7.23.6' ],
455 silly audit   '@babel/helper-module-transforms': [ '7.23.3' ],
455 silly audit   '@babel/helpers': [ '7.23.9' ],
455 silly audit   '@babel/parser': [ '7.23.9' ],
455 silly audit   '@babel/template': [ '7.23.9' ],
455 silly audit   '@babel/traverse': [ '7.23.9' ],
455 silly audit   '@babel/types': [ '7.23.9' ],
455 silly audit   'convert-source-map': [ '2.0.0' ],
455 silly audit   debug: [ '4.3.4' ],
455 silly audit   gensync: [ '1.0.0-beta.2' ],
455 silly audit   json5: [ '2.2.3' ],
455 silly audit   semver: [ '6.3.1' ],
455 silly audit   '@jridgewell/gen-mapping': [ '0.3.3' ],
455 silly audit   '@jridgewell/trace-mapping': [ '0.3.22' ],
455 silly audit   '@babel/highlight': [ '7.23.4' ],
455 silly audit   chalk: [ '2.4.2' ],
455 silly audit   jsesc: [ '2.5.2' ],
455 silly audit   '@babel/compat-data': [ '7.23.5' ],
455 silly audit   '@babel/helper-validator-option': [ '7.23.5' ],
455 silly audit   browserslist: [ '4.23.0' ],
455 silly audit   'lru-cache': [ '5.1.1' ],
455 silly audit   '@babel/helper-environment-visitor': [ '7.22.20' ],
455 silly audit   '@babel/helper-module-imports': [ '7.22.15' ],
455 silly audit   '@babel/helper-simple-access': [ '7.22.5' ],
455 silly audit   '@babel/helper-split-export-declaration': [ '7.22.6' ],
455 silly audit   '@babel/helper-validator-identifier': [ '7.22.20' ],
455 silly audit   'js-tokens': [ '4.0.0' ],
455 silly audit   '@babel/helper-plugin-utils': [ '7.22.5' ],
455 silly audit   '@babel/helper-function-name': [ '7.23.0' ],
455 silly audit   '@babel/helper-hoist-variables': [ '7.22.5' ],
455 silly audit   globals: [ '11.12.0' ],
455 silly audit   '@babel/helper-string-parser': [ '7.23.4' ],
455 silly audit   'to-fast-properties': [ '2.0.0' ],
455 silly audit   '@jridgewell/set-array': [ '1.1.2' ],
455 silly audit   '@jridgewell/sourcemap-codec': [ '1.4.15' ],
455 silly audit   '@jridgewell/resolve-uri': [ '3.1.2' ],
455 silly audit   '@types/babel__generator': [ '7.6.8' ],
455 silly audit   '@types/babel__template': [ '7.4.4' ],
455 silly audit   '@types/babel__traverse': [ '7.20.5' ],
455 silly audit   'caniuse-lite': [ '1.0.30001588' ],
455 silly audit   'electron-to-chromium': [ '1.4.679' ],
455 silly audit   'node-releases': [ '2.0.14' ],
455 silly audit   'update-browserslist-db': [ '1.0.13' ],
455 silly audit   'ansi-styles': [ '3.2.1' ],
455 silly audit   'escape-string-regexp': [ '1.0.5' ],
455 silly audit   'supports-color': [ '5.5.0' ],
455 silly audit   'color-convert': [ '1.9.3' ],
455 silly audit   'color-name': [ '1.1.3' ],
455 silly audit   ms: [ '2.1.2' ],
455 silly audit   yallist: [ '3.1.1' ],
455 silly audit   'loose-envify': [ '1.4.0' ],
455 silly audit   scheduler: [ '0.23.0' ],
455 silly audit   'has-flag': [ '3.0.0' ],
455 silly audit   escalade: [ '3.1.2' ],
455 silly audit   picocolors: [ '1.0.0' ],
455 silly audit   esbuild: [ '0.18.20' ],
455 silly audit   fsevents: [ '2.3.3' ],
455 silly audit   postcss: [ '8.4.35' ],
455 silly audit   rollup: [ '3.29.4' ],
455 silly audit   '@esbuild/android-arm': [ '0.18.20' ],
455 silly audit   '@esbuild/android-arm64': [ '0.18.20' ],
455 silly audit   '@esbuild/android-x64': [ '0.18.20' ],
455 silly audit   '@esbuild/darwin-arm64': [ '0.18.20' ],
455 silly audit   '@esbuild/darwin-x64': [ '0.18.20' ],
455 silly audit   '@esbuild/freebsd-arm64': [ '0.18.20' ],
455 silly audit   '@esbuild/freebsd-x64': [ '0.18.20' ],
455 silly audit   '@esbuild/linux-arm': [ '0.18.20' ],
455 silly audit   '@esbuild/linux-arm64': [ '0.18.20' ],
455 silly audit   '@esbuild/linux-ia32': [ '0.18.20' ],
455 silly audit   '@esbuild/linux-loong64': [ '0.18.20' ],
455 silly audit   '@esbuild/linux-mips64el': [ '0.18.20' ],
455 silly audit   '@esbuild/linux-ppc64': [ '0.18.20' ],
455 silly audit   '@esbuild/linux-riscv64': [ '0.18.20' ],
455 silly audit   '@esbuild/linux-s390x': [ '0.18.20' ],
455 silly audit   '@esbuild/linux-x64': [ '0.18.20' ],
455 silly audit   '@esbuild/netbsd-x64': [ '0.18.20' ],
455 silly audit   '@esbuild/openbsd-x64': [ '0.18.20' ],
455 silly audit   '@esbuild/sunos-x64': [ '0.18.20' ],
455 silly audit   '@esbuild/win32-arm64': [ '0.18.20' ],
455 silly audit   '@esbuild/win32-ia32': [ '0.18.20' ],
455 silly audit   '@esbuild/win32-x64': [ '0.18.20' ],
455 silly audit   nanoid: [ '3.3.7' ],
455 silly audit   'source-map-js': [ '1.0.2' ]
455 silly audit }
456 verbose reify failed optional dependency C:\Users\Mohamed Rilwan\Desktop\React\01-starting-project\node_modules\@esbuild\win32-ia32
457 silly reify mark deleted [
457 silly reify   'C:\\Users\\Mohamed Rilwan\\Desktop\\React\\01-starting-project\\node_modules\\@esbuild\\win32-ia32'
457 silly reify ]
458 verbose reify failed optional dependency C:\Users\Mohamed Rilwan\Desktop\React\01-starting-project\node_modules\@esbuild\win32-arm64
459 silly reify mark deleted [
459 silly reify   'C:\\Users\\Mohamed Rilwan\\Desktop\\React\\01-starting-project\\node_modules\\@esbuild\\win32-arm64'
459 silly reify ]
460 verbose reify failed optional dependency C:\Users\Mohamed Rilwan\Desktop\React\01-starting-project\node_modules\@esbuild\sunos-x64
461 silly reify mark deleted [
461 silly reify   'C:\\Users\\Mohamed Rilwan\\Desktop\\React\\01-starting-project\\node_modules\\@esbuild\\sunos-x64'
461 silly reify ]
462 verbose reify failed optional dependency C:\Users\Mohamed Rilwan\Desktop\React\01-starting-project\node_modules\@esbuild\openbsd-x64
463 silly reify mark deleted [
463 silly reify   'C:\\Users\\Mohamed Rilwan\\Desktop\\React\\01-starting-project\\node_modules\\@esbuild\\openbsd-x64'
463 silly reify ]
464 verbose reify failed optional dependency C:\Users\Mohamed Rilwan\Desktop\React\01-starting-project\node_modules\@esbuild\netbsd-x64
465 silly reify mark deleted [
465 silly reify   'C:\\Users\\Mohamed Rilwan\\Desktop\\React\\01-starting-project\\node_modules\\@esbuild\\netbsd-x64'
465 silly reify ]
466 verbose reify failed optional dependency C:\Users\Mohamed Rilwan\Desktop\React\01-starting-project\node_modules\@esbuild\linux-x64
467 silly reify mark deleted [
467 silly reify   'C:\\Users\\Mohamed Rilwan\\Desktop\\React\\01-starting-project\\node_modules\\@esbuild\\linux-x64'
467 silly reify ]
468 verbose reify failed optional dependency C:\Users\Mohamed Rilwan\Desktop\React\01-starting-project\node_modules\@esbuild\linux-s390x
469 silly reify mark deleted [
469 silly reify   'C:\\Users\\Mohamed Rilwan\\Desktop\\React\\01-starting-project\\node_modules\\@esbuild\\linux-s390x'
469 silly reify ]
470 verbose reify failed optional dependency C:\Users\Mohamed Rilwan\Desktop\React\01-starting-project\node_modules\@esbuild\linux-riscv64
471 silly reify mark deleted [
471 silly reify   'C:\\Users\\Mohamed Rilwan\\Desktop\\React\\01-starting-project\\node_modules\\@esbuild\\linux-riscv64'
471 silly reify ]
472 verbose reify failed optional dependency C:\Users\Mohamed Rilwan\Desktop\React\01-starting-project\node_modules\@esbuild\linux-ppc64
473 silly reify mark deleted [
473 silly reify   'C:\\Users\\Mohamed Rilwan\\Desktop\\React\\01-starting-project\\node_modules\\@esbuild\\linux-ppc64'
473 silly reify ]
474 verbose reify failed optional dependency C:\Users\Mohamed Rilwan\Desktop\React\01-starting-project\node_modules\@esbuild\linux-mips64el
475 silly reify mark deleted [
475 silly reify   'C:\\Users\\Mohamed Rilwan\\Desktop\\React\\01-starting-project\\node_modules\\@esbuild\\linux-mips64el'
475 silly reify ]
476 verbose reify failed optional dependency C:\Users\Mohamed Rilwan\Desktop\React\01-starting-project\node_modules\@esbuild\linux-loong64
477 silly reify mark deleted [
477 silly reify   'C:\\Users\\Mohamed Rilwan\\Desktop\\React\\01-starting-project\\node_modules\\@esbuild\\linux-loong64'
477 silly reify ]
478 verbose reify failed optional dependency C:\Users\Mohamed Rilwan\Desktop\React\01-starting-project\node_modules\@esbuild\linux-ia32
479 silly reify mark deleted [
479 silly reify   'C:\\Users\\Mohamed Rilwan\\Desktop\\React\\01-starting-project\\node_modules\\@esbuild\\linux-ia32'
479 silly reify ]
480 verbose reify failed optional dependency C:\Users\Mohamed Rilwan\Desktop\React\01-starting-project\node_modules\@esbuild\linux-arm64
481 silly reify mark deleted [
481 silly reify   'C:\\Users\\Mohamed Rilwan\\Desktop\\React\\01-starting-project\\node_modules\\@esbuild\\linux-arm64'
481 silly reify ]
482 verbose reify failed optional dependency C:\Users\Mohamed Rilwan\Desktop\React\01-starting-project\node_modules\@esbuild\linux-arm
483 silly reify mark deleted [
483 silly reify   'C:\\Users\\Mohamed Rilwan\\Desktop\\React\\01-starting-project\\node_modules\\@esbuild\\linux-arm'
483 silly reify ]
484 verbose reify failed optional dependency C:\Users\Mohamed Rilwan\Desktop\React\01-starting-project\node_modules\@esbuild\freebsd-x64
485 silly reify mark deleted [
485 silly reify   'C:\\Users\\Mohamed Rilwan\\Desktop\\React\\01-starting-project\\node_modules\\@esbuild\\freebsd-x64'
485 silly reify ]
486 verbose reify failed optional dependency C:\Users\Mohamed Rilwan\Desktop\React\01-starting-project\node_modules\@esbuild\freebsd-arm64
487 silly reify mark deleted [
487 silly reify   'C:\\Users\\Mohamed Rilwan\\Desktop\\React\\01-starting-project\\node_modules\\@esbuild\\freebsd-arm64'
487 silly reify ]
488 verbose reify failed optional dependency C:\Users\Mohamed Rilwan\Desktop\React\01-starting-project\node_modules\@esbuild\darwin-x64
489 silly reify mark deleted [
489 silly reify   'C:\\Users\\Mohamed Rilwan\\Desktop\\React\\01-starting-project\\node_modules\\@esbuild\\darwin-x64'
489 silly reify ]
490 verbose reify failed optional dependency C:\Users\Mohamed Rilwan\Desktop\React\01-starting-project\node_modules\@esbuild\darwin-arm64
491 silly reify mark deleted [
491 silly reify   'C:\\Users\\Mohamed Rilwan\\Desktop\\React\\01-starting-project\\node_modules\\@esbuild\\darwin-arm64'
491 silly reify ]
492 verbose reify failed optional dependency C:\Users\Mohamed Rilwan\Desktop\React\01-starting-project\node_modules\@esbuild\android-x64
493 silly reify mark deleted [
493 silly reify   'C:\\Users\\Mohamed Rilwan\\Desktop\\React\\01-starting-project\\node_modules\\@esbuild\\android-x64'
493 silly reify ]
494 verbose reify failed optional dependency C:\Users\Mohamed Rilwan\Desktop\React\01-starting-project\node_modules\@esbuild\android-arm64
495 silly reify mark deleted [
495 silly reify   'C:\\Users\\Mohamed Rilwan\\Desktop\\React\\01-starting-project\\node_modules\\@esbuild\\android-arm64'
495 silly reify ]
496 verbose reify failed optional dependency C:\Users\Mohamed Rilwan\Desktop\React\01-starting-project\node_modules\@esbuild\android-arm
497 silly reify mark deleted [
497 silly reify   'C:\\Users\\Mohamed Rilwan\\Desktop\\React\\01-starting-project\\node_modules\\@esbuild\\android-arm'
497 silly reify ]
498 verbose reify failed optional dependency C:\Users\Mohamed Rilwan\Desktop\React\01-starting-project\node_modules\fsevents
499 silly reify mark deleted [
499 silly reify   'C:\\Users\\Mohamed Rilwan\\Desktop\\React\\01-starting-project\\node_modules\\fsevents'
499 silly reify ]
500 timing reifyNode:node_modules/@esbuild/win32-ia32 Completed in 26ms
501 timing reifyNode:node_modules/@esbuild/win32-arm64 Completed in 25ms
502 timing reifyNode:node_modules/@esbuild/sunos-x64 Completed in 25ms
503 timing reifyNode:node_modules/@esbuild/openbsd-x64 Completed in 25ms
504 timing reifyNode:node_modules/@esbuild/netbsd-x64 Completed in 25ms
505 timing reifyNode:node_modules/@esbuild/linux-x64 Completed in 25ms
506 timing reifyNode:node_modules/@esbuild/linux-s390x Completed in 25ms
507 timing reifyNode:node_modules/@esbuild/linux-riscv64 Completed in 25ms
508 timing reifyNode:node_modules/@esbuild/linux-ppc64 Completed in 25ms
509 timing reifyNode:node_modules/@esbuild/linux-mips64el Completed in 26ms
510 timing reifyNode:node_modules/@esbuild/linux-loong64 Completed in 26ms
511 timing reifyNode:node_modules/@esbuild/linux-ia32 Completed in 26ms
512 timing reifyNode:node_modules/@esbuild/linux-arm64 Completed in 26ms
513 timing reifyNode:node_modules/@esbuild/linux-arm Completed in 26ms
514 timing reifyNode:node_modules/@esbuild/freebsd-x64 Completed in 26ms
515 timing reifyNode:node_modules/@esbuild/freebsd-arm64 Completed in 25ms
516 timing reifyNode:node_modules/@esbuild/darwin-x64 Completed in 25ms
517 timing reifyNode:node_modules/@esbuild/darwin-arm64 Completed in 25ms
518 timing reifyNode:node_modules/@esbuild/android-x64 Completed in 25ms
519 timing reifyNode:node_modules/@esbuild/android-arm64 Completed in 25ms
520 timing reifyNode:node_modules/@esbuild/android-arm Completed in 25ms
521 timing reifyNode:node_modules/fsevents Completed in 25ms
522 silly tarball no local data for nanoid@https://registry.npmjs.org/nanoid/-/nanoid-3.3.7.tgz. Extracting by manifest.
523 silly tarball no local data for @esbuild/win32-x64@https://registry.npmjs.org/@esbuild/win32-x64/-/win32-x64-0.18.20.tgz. Extracting by manifest.
524 silly tarball no local data for source-map-js@https://registry.npmjs.org/source-map-js/-/source-map-js-1.0.2.tgz. Extracting by manifest.
525 silly tarball no local data for rollup@https://registry.npmjs.org/rollup/-/rollup-3.29.4.tgz. Extracting by manifest.
526 silly tarball no local data for picocolors@https://registry.npmjs.org/picocolors/-/picocolors-1.0.0.tgz. Extracting by manifest.
527 silly tarball no local data for postcss@https://registry.npmjs.org/postcss/-/postcss-8.4.35.tgz. Extracting by manifest.
528 silly tarball no local data for has-flag@https://registry.npmjs.org/has-flag/-/has-flag-3.0.0.tgz. Extracting by manifest.
529 silly tarball no local data for esbuild@https://registry.npmjs.org/esbuild/-/esbuild-0.18.20.tgz. Extracting by manifest.
530 silly tarball no local data for escalade@https://registry.npmjs.org/escalade/-/escalade-3.1.2.tgz. Extracting by manifest.
531 silly tarball no local data for scheduler@https://registry.npmjs.org/scheduler/-/scheduler-0.23.0.tgz. Extracting by manifest.
532 silly tarball no local data for loose-envify@https://registry.npmjs.org/loose-envify/-/loose-envify-1.4.0.tgz. Extracting by manifest.
533 silly tarball no local data for yallist@https://registry.npmjs.org/yallist/-/yallist-3.1.1.tgz. Extracting by manifest.
534 silly tarball no local data for ms@https://registry.npmjs.org/ms/-/ms-2.1.2.tgz. Extracting by manifest.
535 silly tarball no local data for color-convert@https://registry.npmjs.org/color-convert/-/color-convert-1.9.3.tgz. Extracting by manifest.
536 silly tarball no local data for color-name@https://registry.npmjs.org/color-name/-/color-name-1.1.3.tgz. Extracting by manifest.
537 silly tarball no local data for supports-color@https://registry.npmjs.org/supports-color/-/supports-color-5.5.0.tgz. Extracting by manifest.
538 silly tarball no local data for update-browserslist-db@https://registry.npmjs.org/update-browserslist-db/-/update-browserslist-db-1.0.13.tgz. Extracting by manifest.
539 silly tarball no local data for escape-string-regexp@https://registry.npmjs.org/escape-string-regexp/-/escape-string-regexp-1.0.5.tgz. Extracting by manifest.
540 silly tarball no local data for ansi-styles@https://registry.npmjs.org/ansi-styles/-/ansi-styles-3.2.1.tgz. Extracting by manifest.
541 silly tarball no local data for node-releases@https://registry.npmjs.org/node-releases/-/node-releases-2.0.14.tgz. Extracting by manifest.
542 silly tarball no local data for electron-to-chromium@https://registry.npmjs.org/electron-to-chromium/-/electron-to-chromium-1.4.679.tgz. Extracting by manifest.
543 silly tarball no local data for @types/babel__template@https://registry.npmjs.org/@types/babel__template/-/babel__template-7.4.4.tgz. Extracting by manifest.
544 silly tarball no local data for @types/babel__traverse@https://registry.npmjs.org/@types/babel__traverse/-/babel__traverse-7.20.5.tgz. Extracting by manifest.
545 silly tarball no local data for caniuse-lite@https://registry.npmjs.org/caniuse-lite/-/caniuse-lite-1.0.30001588.tgz. Extracting by manifest.
546 silly tarball no local data for @types/babel__generator@https://registry.npmjs.org/@types/babel__generator/-/babel__generator-7.6.8.tgz. Extracting by manifest.
547 silly tarball no local data for @jridgewell/resolve-uri@https://registry.npmjs.org/@jridgewell/resolve-uri/-/resolve-uri-3.1.2.tgz. Extracting by manifest.
548 silly tarball no local data for to-fast-properties@https://registry.npmjs.org/to-fast-properties/-/to-fast-properties-2.0.0.tgz. Extracting by manifest.
549 silly tarball no local data for @jridgewell/set-array@https://registry.npmjs.org/@jridgewell/set-array/-/set-array-1.1.2.tgz. Extracting by manifest.
550 silly tarball no local data for @jridgewell/sourcemap-codec@https://registry.npmjs.org/@jridgewell/sourcemap-codec/-/sourcemap-codec-1.4.15.tgz. Extracting by manifest.
551 silly tarball no local data for @babel/helper-string-parser@https://registry.npmjs.org/@babel/helper-string-parser/-/helper-string-parser-7.23.4.tgz. Extracting by manifest.
552 silly tarball no local data for globals@https://registry.npmjs.org/globals/-/globals-11.12.0.tgz. Extracting by manifest.
553 silly tarball no local data for js-tokens@https://registry.npmjs.org/js-tokens/-/js-tokens-4.0.0.tgz. Extracting by manifest.
554 silly tarball no local data for @babel/helper-hoist-variables@https://registry.npmjs.org/@babel/helper-hoist-variables/-/helper-hoist-variables-7.22.5.tgz. Extracting by manifest.
555 silly tarball no local data for @babel/helper-function-name@https://registry.npmjs.org/@babel/helper-function-name/-/helper-function-name-7.23.0.tgz. Extracting by manifest.
556 silly tarball no local data for @babel/helper-plugin-utils@https://registry.npmjs.org/@babel/helper-plugin-utils/-/helper-plugin-utils-7.22.5.tgz. Extracting by manifest.
557 silly tarball no local data for @babel/helper-validator-identifier@https://registry.npmjs.org/@babel/helper-validator-identifier/-/helper-validator-identifier-7.22.20.tgz. Extracting by manifest.
558 silly tarball no local data for @babel/helper-environment-visitor@https://registry.npmjs.org/@babel/helper-environment-visitor/-/helper-environment-visitor-7.22.20.tgz. Extracting by manifest.
559 silly tarball no local data for @babel/helper-simple-access@https://registry.npmjs.org/@babel/helper-simple-access/-/helper-simple-access-7.22.5.tgz. Extracting by manifest.
560 silly tarball no local data for @babel/helper-split-export-declaration@https://registry.npmjs.org/@babel/helper-split-export-declaration/-/helper-split-export-declaration-7.22.6.tgz. Extracting by manifest.
561 silly tarball no local data for @babel/helper-module-imports@https://registry.npmjs.org/@babel/helper-module-imports/-/helper-module-imports-7.22.15.tgz. Extracting by manifest.
562 silly tarball no local data for lru-cache@https://registry.npmjs.org/lru-cache/-/lru-cache-5.1.1.tgz. Extracting by manifest.
563 silly tarball no local data for @babel/compat-data@https://registry.npmjs.org/@babel/compat-data/-/compat-data-7.23.5.tgz. Extracting by manifest.
564 silly tarball no local data for chalk@https://registry.npmjs.org/chalk/-/chalk-2.4.2.tgz. Extracting by manifest.
565 silly tarball no local data for browserslist@https://registry.npmjs.org/browserslist/-/browserslist-4.23.0.tgz. Extracting by manifest.
566 silly tarball no local data for jsesc@https://registry.npmjs.org/jsesc/-/jsesc-2.5.2.tgz. Extracting by manifest.
567 silly tarball no local data for @babel/helper-validator-option@https://registry.npmjs.org/@babel/helper-validator-option/-/helper-validator-option-7.23.5.tgz. Extracting by manifest.
568 silly tarball no local data for @jridgewell/trace-mapping@https://registry.npmjs.org/@jridgewell/trace-mapping/-/trace-mapping-0.3.22.tgz. Extracting by manifest.
569 silly tarball no local data for @babel/highlight@https://registry.npmjs.org/@babel/highlight/-/highlight-7.23.4.tgz. Extracting by manifest.
570 silly tarball no local data for @jridgewell/gen-mapping@https://registry.npmjs.org/@jridgewell/gen-mapping/-/gen-mapping-0.3.3.tgz. Extracting by manifest.
571 silly tarball no local data for semver@https://registry.npmjs.org/semver/-/semver-6.3.1.tgz. Extracting by manifest.
572 silly tarball no local data for json5@https://registry.npmjs.org/json5/-/json5-2.2.3.tgz. Extracting by manifest.
573 silly tarball no local data for convert-source-map@https://registry.npmjs.org/convert-source-map/-/convert-source-map-2.0.0.tgz. Extracting by manifest.
574 silly tarball no local data for gensync@https://registry.npmjs.org/gensync/-/gensync-1.0.0-beta.2.tgz. Extracting by manifest.
575 silly tarball no local data for debug@https://registry.npmjs.org/debug/-/debug-4.3.4.tgz. Extracting by manifest.
576 silly tarball no local data for @babel/types@https://registry.npmjs.org/@babel/types/-/types-7.23.9.tgz. Extracting by manifest.
577 silly tarball no local data for @babel/parser@https://registry.npmjs.org/@babel/parser/-/parser-7.23.9.tgz. Extracting by manifest.
578 silly tarball no local data for @babel/traverse@https://registry.npmjs.org/@babel/traverse/-/traverse-7.23.9.tgz. Extracting by manifest.
579 silly tarball no local data for @babel/template@https://registry.npmjs.org/@babel/template/-/template-7.23.9.tgz. Extracting by manifest.
580 silly tarball no local data for @babel/helpers@https://registry.npmjs.org/@babel/helpers/-/helpers-7.23.9.tgz. Extracting by manifest.
581 silly tarball no local data for @babel/helper-module-transforms@https://registry.npmjs.org/@babel/helper-module-transforms/-/helper-module-transforms-7.23.3.tgz. Extracting by manifest.
582 silly tarball no local data for @ampproject/remapping@https://registry.npmjs.org/@ampproject/remapping/-/remapping-2.2.1.tgz. Extracting by manifest.
583 silly tarball no local data for @babel/helper-compilation-targets@https://registry.npmjs.org/@babel/helper-compilation-targets/-/helper-compilation-targets-7.23.6.tgz. Extracting by manifest.
584 silly tarball no local data for @babel/code-frame@https://registry.npmjs.org/@babel/code-frame/-/code-frame-7.23.5.tgz. Extracting by manifest.
585 silly tarball no local data for react-refresh@https://registry.npmjs.org/react-refresh/-/react-refresh-0.14.0.tgz. Extracting by manifest.
586 silly tarball no local data for @babel/plugin-transform-react-jsx-self@https://registry.npmjs.org/@babel/plugin-transform-react-jsx-self/-/plugin-transform-react-jsx-self-7.23.3.tgz. Extracting by manifest.
587 silly tarball no local data for @babel/generator@https://registry.npmjs.org/@babel/generator/-/generator-7.23.6.tgz. Extracting by manifest.
588 silly tarball no local data for @babel/core@https://registry.npmjs.org/@babel/core/-/core-7.23.9.tgz. Extracting by manifest.
589 silly tarball no local data for @babel/plugin-transform-react-jsx-source@https://registry.npmjs.org/@babel/plugin-transform-react-jsx-source/-/plugin-transform-react-jsx-source-7.23.3.tgz. Extracting by manifest.
590 silly tarball no local data for react-dom@https://registry.npmjs.org/react-dom/-/react-dom-18.2.0.tgz. Extracting by manifest.
591 silly tarball no local data for react@https://registry.npmjs.org/react/-/react-18.2.0.tgz. Extracting by manifest.
592 silly tarball no local data for vite@https://registry.npmjs.org/vite/-/vite-4.5.2.tgz. Extracting by manifest.
593 silly tarball no local data for @vitejs/plugin-react@https://registry.npmjs.org/@vitejs/plugin-react/-/plugin-react-4.2.1.tgz. Extracting by manifest.
594 silly tarball no local data for @types/babel__core@https://registry.npmjs.org/@types/babel__core/-/babel__core-7.20.5.tgz. Extracting by manifest.
595 http fetch GET 200 https://registry.npmjs.org/nanoid/-/nanoid-3.3.7.tgz 261ms (cache miss)
596 http fetch GET 200 https://registry.npmjs.org/source-map-js/-/source-map-js-1.0.2.tgz 298ms (cache miss)
597 timing reifyNode:node_modules/source-map-js Completed in 349ms
598 timing reifyNode:node_modules/nanoid Completed in 357ms
599 http fetch GET 200 https://registry.npmjs.org/picocolors/-/picocolors-1.0.0.tgz 334ms (cache miss)
600 timing reifyNode:node_modules/picocolors Completed in 408ms
601 http fetch GET 200 https://registry.npmjs.org/postcss/-/postcss-8.4.35.tgz 491ms (cache miss)
602 timing reifyNode:node_modules/postcss Completed in 540ms
603 http fetch POST 200 https://registry.npmjs.org/-/npm/v1/security/advisories/bulk 701ms
604 timing auditReport:getReport Completed in 709ms
605 silly audit report {}
606 timing auditReport:init Completed in 0ms
607 timing reify:audit Completed in 710ms
608 http fetch GET 200 https://registry.npmjs.org/esbuild/-/esbuild-0.18.20.tgz 1436ms (cache miss)
609 timing reifyNode:node_modules/esbuild Completed in 1486ms
610 http fetch GET 200 https://registry.npmjs.org/yallist/-/yallist-3.1.1.tgz 1497ms (cache miss)
611 timing reifyNode:node_modules/yallist Completed in 1556ms
612 http fetch GET 200 https://registry.npmjs.org/has-flag/-/has-flag-3.0.0.tgz 1513ms (cache miss)
613 timing reifyNode:node_modules/has-flag Completed in 1562ms
614 http fetch GET 200 https://registry.npmjs.org/supports-color/-/supports-color-5.5.0.tgz 1523ms (cache miss)
615 http fetch GET 200 https://registry.npmjs.org/ms/-/ms-2.1.2.tgz 1530ms (cache miss)
616 timing reifyNode:node_modules/ms Completed in 1583ms
617 http fetch GET 200 https://registry.npmjs.org/escalade/-/escalade-3.1.2.tgz 1537ms (cache miss)
618 timing reifyNode:node_modules/supports-color Completed in 1588ms
619 http fetch GET 200 https://registry.npmjs.org/node-releases/-/node-releases-2.0.14.tgz 1533ms (cache miss)
620 timing reifyNode:node_modules/escalade Completed in 1592ms
621 http fetch GET 200 https://registry.npmjs.org/color-name/-/color-name-1.1.3.tgz 1540ms (cache miss)
622 timing reifyNode:node_modules/node-releases Completed in 1595ms
623 http fetch GET 200 https://registry.npmjs.org/loose-envify/-/loose-envify-1.4.0.tgz 1544ms (cache miss)
624 timing reifyNode:node_modules/color-name Completed in 1598ms
625 http fetch GET 200 https://registry.npmjs.org/scheduler/-/scheduler-0.23.0.tgz 1547ms (cache miss)
626 timing reifyNode:node_modules/loose-envify Completed in 1600ms
627 timing reifyNode:node_modules/scheduler Completed in 1601ms
628 http fetch GET 200 https://registry.npmjs.org/update-browserslist-db/-/update-browserslist-db-1.0.13.tgz 1547ms (cache miss)
629 timing reifyNode:node_modules/update-browserslist-db Completed in 1604ms
630 http fetch GET 200 https://registry.npmjs.org/ansi-styles/-/ansi-styles-3.2.1.tgz 1658ms (cache miss)
631 timing reifyNode:node_modules/ansi-styles Completed in 1716ms
632 http fetch GET 200 https://registry.npmjs.org/escape-string-regexp/-/escape-string-regexp-1.0.5.tgz 1661ms (cache miss)
633 timing reifyNode:node_modules/escape-string-regexp Completed in 1717ms
634 http fetch GET 200 https://registry.npmjs.org/color-convert/-/color-convert-1.9.3.tgz 1674ms (cache miss)
635 timing reifyNode:node_modules/color-convert Completed in 1731ms
636 http fetch GET 200 https://registry.npmjs.org/@types/babel__template/-/babel__template-7.4.4.tgz 1792ms (cache miss)
637 timing reifyNode:node_modules/@types/babel__template Completed in 1851ms
638 http fetch GET 200 https://registry.npmjs.org/to-fast-properties/-/to-fast-properties-2.0.0.tgz 1795ms (cache miss)
639 timing reifyNode:node_modules/to-fast-properties Completed in 1857ms
640 http fetch GET 200 https://registry.npmjs.org/globals/-/globals-11.12.0.tgz 1833ms (cache miss)
641 http fetch GET 200 https://registry.npmjs.org/@babel/helper-hoist-variables/-/helper-hoist-variables-7.22.5.tgz 1835ms (cache miss)
642 http fetch GET 200 https://registry.npmjs.org/@types/babel__generator/-/babel__generator-7.6.8.tgz 1850ms (cache miss)
643 timing reifyNode:node_modules/@types/babel__generator Completed in 1910ms
644 timing reifyNode:node_modules/globals Completed in 1914ms
645 timing reifyNode:node_modules/@babel/helper-hoist-variables Completed in 1918ms
646 http fetch GET 200 https://registry.npmjs.org/electron-to-chromium/-/electron-to-chromium-1.4.679.tgz 1862ms (cache miss)
647 timing reifyNode:node_modules/electron-to-chromium Completed in 1927ms
648 http fetch GET 200 https://registry.npmjs.org/@jridgewell/set-array/-/set-array-1.1.2.tgz 1886ms (cache miss)
649 http fetch GET 200 https://registry.npmjs.org/rollup/-/rollup-3.29.4.tgz 1905ms (cache miss)
650 timing reifyNode:node_modules/@jridgewell/set-array Completed in 1955ms
651 timing reifyNode:node_modules/rollup Completed in 1958ms
652 http fetch GET 200 https://registry.npmjs.org/@babel/helper-plugin-utils/-/helper-plugin-utils-7.22.5.tgz 1906ms (cache miss)
653 http fetch GET 200 https://registry.npmjs.org/lru-cache/-/lru-cache-5.1.1.tgz 1897ms (cache miss)
654 timing reifyNode:node_modules/lru-cache Completed in 1978ms
655 timing reifyNode:node_modules/@babel/helper-plugin-utils Completed in 1982ms
656 http fetch GET 200 https://registry.npmjs.org/@types/babel__traverse/-/babel__traverse-7.20.5.tgz 1930ms (cache miss)
657 timing reifyNode:node_modules/@types/babel__traverse Completed in 1989ms
658 http fetch GET 200 https://registry.npmjs.org/@jridgewell/resolve-uri/-/resolve-uri-3.1.2.tgz 1929ms (cache miss)
659 timing reifyNode:node_modules/@jridgewell/resolve-uri Completed in 2002ms
660 http fetch GET 200 https://registry.npmjs.org/js-tokens/-/js-tokens-4.0.0.tgz 1945ms (cache miss)
661 timing reifyNode:node_modules/js-tokens Completed in 2013ms
662 http fetch GET 200 https://registry.npmjs.org/@babel/helper-split-export-declaration/-/helper-split-export-declaration-7.22.6.tgz 1975ms (cache miss)
663 http fetch GET 200 https://registry.npmjs.org/@babel/helper-string-parser/-/helper-string-parser-7.23.4.tgz 1999ms (cache miss)
664 timing reifyNode:node_modules/@babel/helper-string-parser Completed in 2066ms
665 timing reifyNode:node_modules/@babel/helper-split-export-declaration Completed in 2067ms
666 http fetch GET 200 https://registry.npmjs.org/chalk/-/chalk-2.4.2.tgz 1999ms (cache miss)
667 timing reifyNode:node_modules/chalk Completed in 2080ms
668 http fetch GET 200 https://registry.npmjs.org/jsesc/-/jsesc-2.5.2.tgz 2029ms (cache miss)
669 timing reifyNode:node_modules/jsesc Completed in 2111ms
670 http fetch GET 200 https://registry.npmjs.org/@babel/helper-simple-access/-/helper-simple-access-7.22.5.tgz 2041ms (cache miss)
671 timing reifyNode:node_modules/@babel/helper-simple-access Completed in 2134ms
672 http fetch GET 200 https://registry.npmjs.org/@babel/helper-function-name/-/helper-function-name-7.23.0.tgz 2094ms (cache miss)
673 timing reifyNode:node_modules/@babel/helper-function-name Completed in 2164ms
674 http fetch GET 200 https://registry.npmjs.org/@babel/helper-validator-identifier/-/helper-validator-identifier-7.22.20.tgz 2127ms (cache miss)
675 timing reifyNode:node_modules/@babel/helper-validator-identifier Completed in 2198ms
676 http fetch GET 200 https://registry.npmjs.org/convert-source-map/-/convert-source-map-2.0.0.tgz 2122ms (cache miss)
677 timing reifyNode:node_modules/convert-source-map Completed in 2207ms
678 http fetch GET 200 https://registry.npmjs.org/@babel/helper-validator-option/-/helper-validator-option-7.23.5.tgz 2135ms (cache miss)
679 http fetch GET 200 https://registry.npmjs.org/@jridgewell/sourcemap-codec/-/sourcemap-codec-1.4.15.tgz 2164ms (cache miss)
680 timing reifyNode:node_modules/@babel/helper-validator-option Completed in 2230ms
681 timing reifyNode:node_modules/@jridgewell/sourcemap-codec Completed in 2244ms
682 http fetch GET 200 https://registry.npmjs.org/@babel/helper-environment-visitor/-/helper-environment-visitor-7.22.20.tgz 2173ms (cache miss)
683 timing reifyNode:node_modules/@babel/helper-environment-visitor Completed in 2253ms
684 http fetch GET 200 https://registry.npmjs.org/browserslist/-/browserslist-4.23.0.tgz 2184ms (cache miss)
685 timing reifyNode:node_modules/browserslist Completed in 2266ms
686 http fetch GET 200 https://registry.npmjs.org/semver/-/semver-6.3.1.tgz 2182ms (cache miss)
687 timing reifyNode:node_modules/semver Completed in 2268ms
688 http fetch GET 200 https://registry.npmjs.org/gensync/-/gensync-1.0.0-beta.2.tgz 2185ms (cache miss)
689 timing reifyNode:node_modules/gensync Completed in 2271ms
690 http fetch GET 200 https://registry.npmjs.org/@babel/highlight/-/highlight-7.23.4.tgz 2190ms (cache miss)
691 timing reifyNode:node_modules/@babel/highlight Completed in 2274ms
692 http fetch GET 200 https://registry.npmjs.org/@babel/compat-data/-/compat-data-7.23.5.tgz 2206ms (cache miss)
693 timing reifyNode:node_modules/@babel/compat-data Completed in 2291ms
694 http fetch GET 200 https://registry.npmjs.org/debug/-/debug-4.3.4.tgz 2210ms (cache miss)
695 timing reifyNode:node_modules/debug Completed in 2297ms
696 http fetch GET 200 https://registry.npmjs.org/@babel/helper-module-imports/-/helper-module-imports-7.22.15.tgz 2220ms (cache miss)
697 timing reifyNode:node_modules/@babel/helper-module-imports Completed in 2303ms
698 http fetch GET 200 https://registry.npmjs.org/@jridgewell/trace-mapping/-/trace-mapping-0.3.22.tgz 2337ms (cache miss)
699 timing reifyNode:node_modules/@jridgewell/trace-mapping Completed in 2421ms
700 http fetch GET 200 https://registry.npmjs.org/json5/-/json5-2.2.3.tgz 2336ms (cache miss)
701 timing reifyNode:node_modules/json5 Completed in 2429ms
702 http fetch GET 200 https://registry.npmjs.org/react-refresh/-/react-refresh-0.14.0.tgz 2341ms (cache miss)
703 timing reifyNode:node_modules/react-refresh Completed in 2440ms
704 http fetch GET 200 https://registry.npmjs.org/@babel/helper-module-transforms/-/helper-module-transforms-7.23.3.tgz 2401ms (cache miss)
705 timing reifyNode:node_modules/@babel/helper-module-transforms Completed in 2493ms
706 http fetch GET 200 https://registry.npmjs.org/@babel/code-frame/-/code-frame-7.23.5.tgz 2745ms (cache miss)
707 timing reifyNode:node_modules/@babel/code-frame Completed in 2843ms
708 http fetch GET 200 https://registry.npmjs.org/@ampproject/remapping/-/remapping-2.2.1.tgz 2942ms (cache miss)
709 timing reifyNode:node_modules/@ampproject/remapping Completed in 3040ms
710 http fetch GET 200 https://registry.npmjs.org/react/-/react-18.2.0.tgz 3131ms (cache miss)
711 timing reifyNode:node_modules/react Completed in 3232ms
712 http fetch GET 200 https://registry.npmjs.org/@babel/plugin-transform-react-jsx-source/-/plugin-transform-react-jsx-source-7.23.3.tgz 3253ms (cache miss)
713 timing reifyNode:node_modules/@babel/plugin-transform-react-jsx-source Completed in 3355ms
714 http fetch GET 200 https://registry.npmjs.org/@jridgewell/gen-mapping/-/gen-mapping-0.3.3.tgz 3305ms (cache miss)
715 timing reifyNode:node_modules/@jridgewell/gen-mapping Completed in 3389ms
716 http fetch GET 200 https://registry.npmjs.org/@types/babel__core/-/babel__core-7.20.5.tgz 3307ms (cache miss)
717 timing reifyNode:node_modules/@types/babel__core Completed in 3412ms
718 http fetch GET 200 https://registry.npmjs.org/@babel/template/-/template-7.23.9.tgz 3353ms (cache miss)
719 timing reifyNode:node_modules/@babel/template Completed in 3446ms
720 http fetch GET 200 https://registry.npmjs.org/@babel/helper-compilation-targets/-/helper-compilation-targets-7.23.6.tgz 3471ms (cache miss)
721 timing reifyNode:node_modules/@babel/helper-compilation-targets Completed in 3570ms
722 http fetch GET 200 https://registry.npmjs.org/@babel/plugin-transform-react-jsx-self/-/plugin-transform-react-jsx-self-7.23.3.tgz 3589ms (cache miss)
723 timing reifyNode:node_modules/@babel/plugin-transform-react-jsx-self Completed in 3688ms
724 http fetch GET 200 https://registry.npmjs.org/@babel/generator/-/generator-7.23.6.tgz 3945ms (cache miss)
725 timing reifyNode:node_modules/@babel/generator Completed in 4045ms
726 http fetch GET 200 https://registry.npmjs.org/@babel/traverse/-/traverse-7.23.9.tgz 4065ms (cache miss)
727 timing reifyNode:node_modules/@babel/traverse Completed in 4154ms
728 http fetch GET 200 https://registry.npmjs.org/@babel/helpers/-/helpers-7.23.9.tgz 4076ms (cache miss)
729 timing reifyNode:node_modules/@babel/helpers Completed in 4167ms
730 http fetch GET 200 https://registry.npmjs.org/@vitejs/plugin-react/-/plugin-react-4.2.1.tgz 4079ms (cache miss)
731 timing reifyNode:node_modules/@vitejs/plugin-react Completed in 4183ms
732 http fetch GET 200 https://registry.npmjs.org/@babel/core/-/core-7.23.9.tgz 4662ms (cache miss)
733 timing reifyNode:node_modules/@babel/core Completed in 4761ms
734 http fetch GET 200 https://registry.npmjs.org/caniuse-lite/-/caniuse-lite-1.0.30001588.tgz 5079ms (cache miss)
735 timing reifyNode:node_modules/caniuse-lite Completed in 5140ms
736 http fetch GET 200 https://registry.npmjs.org/@babel/types/-/types-7.23.9.tgz 5195ms (cache miss)
737 timing reifyNode:node_modules/@babel/types Completed in 5282ms
738 http fetch GET 200 https://registry.npmjs.org/@babel/parser/-/parser-7.23.9.tgz 5387ms (cache miss)
739 timing reifyNode:node_modules/@babel/parser Completed in 5476ms
740 http fetch GET 200 https://registry.npmjs.org/vite/-/vite-4.5.2.tgz 5905ms (cache miss)
741 timing reifyNode:node_modules/vite Completed in 6009ms
742 http fetch GET 200 https://registry.npmjs.org/react-dom/-/react-dom-18.2.0.tgz 6056ms (cache miss)
743 timing reifyNode:node_modules/react-dom Completed in 6157ms
744 http fetch GET 200 https://registry.npmjs.org/@esbuild/win32-x64/-/win32-x64-0.18.20.tgz 9438ms (cache miss)
745 timing reifyNode:node_modules/@esbuild/win32-x64 Completed in 9486ms
746 timing reify:unpack Completed in 9486ms
747 timing reify:unretire Completed in 1ms
748 timing build:queue Completed in 4ms
749 timing build:link:node_modules/@babel/parser Completed in 27ms
750 timing build:link:node_modules/jsesc Completed in 25ms
751 timing build:link:node_modules/loose-envify Completed in 25ms
752 timing build:link:node_modules/json5 Completed in 25ms
753 timing build:link:node_modules/esbuild Completed in 25ms
754 timing build:link:node_modules/semver Completed in 25ms
755 timing build:link:node_modules/browserslist Completed in 27ms
756 timing build:link:node_modules/update-browserslist-db Completed in 25ms
757 timing build:link:node_modules/rollup Completed in 26ms
758 timing build:link:node_modules/nanoid Completed in 27ms
759 timing build:link:node_modules/vite Completed in 26ms
760 timing build:link Completed in 29ms
761 timing build:run:install Completed in 1ms
762 info run esbuild@0.18.20 postinstall node_modules/esbuild node install.js
763 info run esbuild@0.18.20 postinstall { code: 0, signal: null }
764 timing build:run:postinstall:node_modules/esbuild Completed in 1183ms
765 timing build:run:postinstall Completed in 1183ms
766 timing build:deps Completed in 1219ms
767 timing build Completed in 1220ms
768 timing reify:build Completed in 1221ms
769 timing reify:trash Completed in 3ms
770 timing reify:save Completed in 43ms
771 timing reify Completed in 67601ms
772 silly ADD node_modules/source-map-js
773 silly ADD node_modules/nanoid
774 silly ADD node_modules/@esbuild/win32-x64
775 silly ADD
776 silly ADD
777 silly ADD
778 silly ADD
779 silly ADD
780 silly ADD
781 silly ADD
782 silly ADD
783 silly ADD
784 silly ADD
785 silly ADD
786 silly ADD
787 silly ADD
788 silly ADD
789 silly ADD
790 silly ADD
791 silly ADD
792 silly ADD
793 silly ADD
794 silly ADD
795 silly ADD
796 silly ADD node_modules/rollup
797 silly ADD node_modules/postcss
798 silly ADD
799 silly ADD node_modules/esbuild
800 silly ADD node_modules/picocolors
801 silly ADD node_modules/escalade
802 silly ADD node_modules/has-flag
803 silly ADD node_modules/scheduler
804 silly ADD node_modules/loose-envify
805 silly ADD node_modules/yallist
806 silly ADD node_modules/ms
807 silly ADD node_modules/color-name
808 silly ADD node_modules/color-convert
809 silly ADD node_modules/supports-color
810 silly ADD node_modules/escape-string-regexp
811 silly ADD node_modules/ansi-styles
812 silly ADD node_modules/update-browserslist-db
813 silly ADD node_modules/node-releases
814 silly ADD node_modules/electron-to-chromium
815 silly ADD node_modules/caniuse-lite
816 silly ADD node_modules/@types/babel__traverse
817 silly ADD node_modules/@types/babel__template
818 silly ADD node_modules/@types/babel__generator
819 silly ADD node_modules/@jridgewell/resolve-uri
820 silly ADD node_modules/@jridgewell/sourcemap-codec
821 silly ADD node_modules/@jridgewell/set-array
822 silly ADD node_modules/to-fast-properties
823 silly ADD node_modules/@babel/helper-string-parser
824 silly ADD node_modules/globals
825 silly ADD node_modules/@babel/helper-hoist-variables
826 silly ADD node_modules/@babel/helper-function-name
827 silly ADD node_modules/@babel/helper-plugin-utils
828 silly ADD node_modules/js-tokens
829 silly ADD node_modules/@babel/helper-validator-identifier
830 silly ADD node_modules/@babel/helper-split-export-declaration
831 silly ADD node_modules/@babel/helper-simple-access
832 silly ADD node_modules/@babel/helper-module-imports
833 silly ADD node_modules/@babel/helper-environment-visitor
834 silly ADD node_modules/lru-cache
835 silly ADD node_modules/browserslist
836 silly ADD node_modules/@babel/helper-validator-option
837 silly ADD node_modules/@babel/compat-data
838 silly ADD node_modules/jsesc
839 silly ADD node_modules/chalk
840 silly ADD node_modules/@babel/highlight
841 silly ADD node_modules/@jridgewell/trace-mapping
842 silly ADD node_modules/@jridgewell/gen-mapping
843 silly ADD node_modules/semver
844 silly ADD node_modules/json5
845 silly ADD node_modules/gensync
846 silly ADD node_modules/debug
847 silly ADD node_modules/convert-source-map
848 silly ADD node_modules/@babel/types
849 silly ADD node_modules/@babel/traverse
850 silly ADD node_modules/@babel/template
851 silly ADD node_modules/@babel/parser
852 silly ADD node_modules/@babel/helpers
853 silly ADD node_modules/@babel/helper-module-transforms
854 silly ADD node_modules/@babel/helper-compilation-targets
855 silly ADD node_modules/@babel/generator
856 silly ADD node_modules/@babel/code-frame
857 silly ADD node_modules/@ampproject/remapping
858 silly ADD node_modules/react-refresh
859 silly ADD node_modules/@types/babel__core
860 silly ADD node_modules/@babel/plugin-transform-react-jsx-source
861 silly ADD node_modules/@babel/plugin-transform-react-jsx-self
862 silly ADD node_modules/@babel/core
863 silly ADD node_modules/react-dom
864 silly ADD node_modules/react
865 silly ADD node_modules/vite
866 silly ADD node_modules/@vitejs/plugin-react
867 timing command:install Completed in 67614ms
868 verbose exit 0
869 timing npm Completed in 67931ms
870 info ok
